ui/build/intermediates/manifest_merge_blame_file/debug/manifest-merger-blame-debug-report.txt
1<?xml version="1.0" encoding="utf-8"?>
2<manifest xmlns:android="http://schemas.android.com/apk/res/android"
3    package="com.dmonsalud.ui" >
4
5    <uses-sdk
6        android:minSdkVersion="26"
6-->ProcessLibraryManifest/debug/tempAndroidManifest10332063571049751551.xml
7        android:targetSdkVersion="33" />
7-->ProcessLibraryManifest/debug/tempAndroidManifest10332063571049751551.xml
8
9</manifest>